I1007 17:30:00.649735   37176 mtproto_proxy_codec.go:229] eeeeee key iv
key=cc696880a03fdb83a6217c675f5b376081ad573abc592013348dd503813285d7
iv=24fdf48d0403665a5b040af01312d8b3
I1007 17:30:00.649741   37176 mtproto_proxy_codec.go:234] dddddd key iv
key=b3d81213f00a045b5a6603048df4fd24d785328103d58d34132059bc3a57ad81
iv=60375b5f677c21a683db3fa0806869cc
I1007 17:30:00.649747   37176 mtproto_proxy_codec.go:239] before
b_0_1=54
b_1_3=2afc30
b_4_60=d59d4016b3d81213f00a045b5a6603048df4fd24d785328103d58d34132059bc3a57ad8160375b5f677c21a683db3fa0806869cc484565fd1d66a983
I1007 17:30:00.649760   37176 mtproto_proxy_codec.go:249] after
b_0_1=73
b_1_3=f86ef3
b_4_60=83f39e0bbe391e8d11ce9090be569a114facfd3ae43ab60b6548a3f08a30e296882dba3e502b757470c9832184853847c1931ca8efefefef5ba4185c

I1007 17:30:00.649781   37176 mtproto_app_codec.go:59] MTProtoAppCodec first_byte: 0a
I1007 17:30:00.649821   37176 mtproto_app_codec.go:64] MTProtoAppCodec first_byte2: 0a
I1007 17:30:00.649828   37176 mtproto_app_codec.go:68] size1: 40


73f86ef383f39e0bbe391e8d11ce9090be569a114facfd3ae43ab60b6548a3f08a30e296882dba3e502b757470c9832184853847c1931ca8efefefef5ba4185c

73f86ef383f39e0bbe391e8d11ce9090be569a114facfd3ae43ab60b6548a3f08a30e296882dba3e502b757470c9832184853847c1931ca8efefefef5ba4185c

I1007 17:43:25.057486   38640 mtproto_app_codec.go:182] read before encrypt p = 11
I1007 17:43:25.057493   38640 mtproto_app_codec.go:185] read after encrypt p = 0a
I1007 17:43:25.057498   38640 mtproto_app_codec.go:59] MTProtoAppCodec first_byte: 0a
I1007 17:43:25.057504   38640 mtproto_app_codec.go:64] MTProtoAppCodec first_byte2: 0a
I1007 17:43:25.057507   38640 mtproto_app_codec.go:68] size1: 40