objc[90242]: Class SSKeychain is implemented in both /Applications/Xcode.app/Contents/Developer/Platforms/iPhoneOS.platform/Developer/Library/CoreSimulator/Profiles/Runtimes/iOS.simruntime/Contents/Resources/RuntimeRoot/System/Library/PrivateFrameworks/StoreServices.framework/StoreServices (0x12949b1f8) and /Users/dev/Library/Developer/CoreSimulator/Devices/F6DB74A9-E7F5-4041-8B84-48C8BF1D1054/data/Containers/Bundle/Application/9046D718-9EC4-4408-97CB-8B92F49AEE07/Flash.app/Flash (0x1124bedf8). One of the two will be used. Which one is undefined.
2018-10-08 19:33:59.187543+0800 Flash[90242:8445219] libMobileGestalt MobileGestalt.c:890: MGIsDeviceOneOfType is not supported on this platform.
2018-10-08 19:33:59.219487+0800 Flash[90242:8445288] [WC] -[WCSession onqueue_handleUpdateSessionState:]_block_invoke dropping as pairingIDs no longer match. pairingID (null), client pairingID: (null)
2018-10-08 19:33:59.220504+0800 Flash[90242:8445288] [WC] WCSession is not paired
2018-10-08 19:33:59.270842+0800 Flash[90242:8445219] didFinishLaunchingWithOptions state: <TGApplication: 0x7fe7c4601460>, 1
2018-10-08 19:33:59.292571+0800 Flash[90242:8445219] ###### Early initialization ######
2018-10-08 19:33:59.293981+0800 Flash[90242:8445219] ATQueue count = 1
2018-10-08 19:33:59.294075+0800 Flash[90242:8445219] ATQueue count = 2
2018-10-08 19:33:59.300246+0800 Flash[90242:8445281] Running with com.tele9ram.TelegramEnterprise (version 67656)
2018-10-08 19:33:59.301694+0800 Flash[90242:8445219] Reachability Flag Status: -R ------- networkStatusForFlags
2018-10-08 19:33:59.304088+0800 Flash[90242:8445295] journal_mode = delete
2018-10-08 19:33:59.305972+0800 Flash[90242:8445289] Failed to create remote object proxy: Error Domain=NSCocoaErrorDomain Code=4099 "The connection to service named com.apple.commcenter.coretelephony.xpc was invalidated." UserInfo={NSDebugDescription=The connection to service named com.apple.commcenter.coretelephony.xpc was invalidated.}
2018-10-08 19:33:59.305972+0800 Flash[90242:8445219] Failed to create synchronous remote object proxy: Error Domain=NSCocoaErrorDomain Code=4099 "The connection to service named com.apple.commcenter.coretelephony.xpc was invalidated." UserInfo={NSDebugDescription=The connection to service named com.apple.commcenter.coretelephony.xpc was invalidated.}
2018-10-08 19:33:59.306094+0800 Flash[90242:8445219] [NetworkInfo] Descriptors query returned error: Error Domain=NSCocoaErrorDomain Code=4099 "The connection to service named com.apple.commcenter.coretelephony.xpc was invalidated." UserInfo={NSDebugDescription=The connection to service named com.apple.commcenter.coretelephony.xpc was invalidated.}
2018-10-08 19:33:59.306078+0800 Flash[90242:8445289] Failed to ping server after delegate was set
2018-10-08 19:33:59.306334+0800 Flash[90242:8445219] Failed to create synchronous remote object proxy: Error Domain=NSCocoaErrorDomain Code=4099 "The connection to service named com.apple.commcenter.coretelephony.xpc was invalidated." UserInfo={NSDebugDescription=The connection to service named com.apple.commcenter.coretelephony.xpc was invalidated.}
2018-10-08 19:33:59.306358+0800 Flash[90242:8445295] DB Error: 1 "duplicate column name: service_unread"
2018-10-08 19:33:59.306403+0800 Flash[90242:8445219] [NetworkInfo] Descriptors query returned error: Error Domain=NSCocoaErrorDomain Code=4099 "The connection to service named com.apple.commcenter.coretelephony.xpc was invalidated." UserInfo={NSDebugDescription=The connection to service named com.apple.commcenter.coretelephony.xpc was invalidated.}
2018-10-08 19:33:59.306448+0800 Flash[90242:8445295] DB Query: ALTER TABLE convesations_v29 ADD COLUMN service_unread2018-10-08 19:33:59.306629+0800 Flash[90242:8445219] Failed to create synchronous remote object proxy: Error Domain=NSCocoaErrorDomain Code=4099 "The connection to service named com.apple.commcenter.coretelephony.xpc was invalidated." UserInfo={NSDebugDescription=The connection to service named com.apple.commcenter.coretelephony.xpc was invalidated.}
 INTEGER
2018-10-08 19:33:59.306960+0800 Flash[90242:8445219] [NetworkInfo] Descriptors query returned error: Error Domain=NSCocoaErrorDomain Code=4099 "The connection to service named com.apple.commcenter.coretelephony.xpc was invalidated." UserInfo={NSDebugDescription=The connection to service named com.apple.commcenter.coretelephony.xpc was invalidated.}
2018-10-08 19:33:59.307022+0800 Flash[90242:8445295] DB Path: /Users/dev/Library/Developer/CoreSimulator/Devices/F6DB74A9-E7F5-4041-8B84-48C8BF1D1054/data/Containers/Data/Application/A53C1C2B-2811-4134-941C-B7FDC8558CFE/Documents/tgdata.db
2018-10-08 19:33:59.308336+0800 Flash[90242:8445219] MediaBox path /Users/dev/Library/Developer/CoreSimulator/Devices/F6DB74A9-E7F5-4041-8B84-48C8BF1D1054/data/Containers/Data/Application/A53C1C2B-2811-4134-941C-B7FDC8558CFE/Documents/mediacache
2018-10-08 19:33:59.309952+0800 Flash[90242:8445219] !=========== -[TGAppDelegate application:didFinishLaunchingWithOptions:] Time: 0.043782
2018-10-08 19:33:59.310111+0800 Flash[90242:8445219] before root controller
2018-10-08 19:33:59.312037+0800 Flash[90242:8445295] create index on media by message id: 0.000009 s
2018-10-08 19:33:59.420376+0800 Flash[90242:8445219] !=========== -[TGAppDelegate application:didFinishLaunchingWithOptions:] Time: 0.154207
2018-10-08 19:33:59.420503+0800 Flash[90242:8445219] set root controller
2018-10-08 19:33:59.435566+0800 Flash[90242:8445288] Activated = 0
2018-10-08 19:33:59.438059+0800 Flash[90242:8445288] ###### Dialog list loaded ######
2018-10-08 19:33:59.438236+0800 Flash[90242:8445288] !=========== -[TGAppDelegate application:didFinishLaunchingWithOptions:]_block_invoke_4 Time: 0.172080
2018-10-08 19:33:59.438299+0800 Flash[90242:8445288] loaded dialogs
2018-10-08 19:33:59.438822+0800 Flash[90242:8445288] ===== Dispatched dialog list
2018-10-08 19:33:59.441703+0800 Flash[90242:8445288] journal_mode = delete
2018-10-08 19:33:59.443822+0800 Flash[90242:8445288] DB Error: 1 "duplicate column name: service_unread"
2018-10-08 19:33:59.443944+0800 Flash[90242:8445288] DB Query: ALTER TABLE convesations_v29 ADD COLUMN service_unread INTEGER
2018-10-08 19:33:59.444037+0800 Flash[90242:8445288] DB Path: /Users/dev/Library/Developer/CoreSimulator/Devices/F6DB74A9-E7F5-4041-8B84-48C8BF1D1054/data/Containers/Data/Application/A53C1C2B-2811-4134-941C-B7FDC8558CFE/Documents/tgdata.db
2018-10-08 19:33:59.444461+0800 Flash[90242:8445288] DB Error: 1 "no such table: channel_conversations_v29"
2018-10-08 19:33:59.444538+0800 Flash[90242:8445288] DB Query: ALTER TABLE channel_conversations_v29 RENAME TO channel_conversations_v29_341b1059
2018-10-08 19:33:59.444613+0800 Flash[90242:8445288] DB Path: /Users/dev/Library/Developer/CoreSimulator/Devices/F6DB74A9-E7F5-4041-8B84-48C8BF1D1054/data/Containers/Data/Application/A53C1C2B-2811-4134-941C-B7FDC8558CFE/Documents/tgdata.db
2018-10-08 19:33:59.444716+0800 Flash[90242:8445288] DB Error: 1 "no such table: channel_cached_v29"
2018-10-08 19:33:59.444792+0800 Flash[90242:8445288] DB Query: 2018-10-08 19:33:59.444948+0800 Flash[90242:8445219] !=========== -[TGAppDelegate application:didFinishLaunchingWithOptions:]_block_invoke Time: 0.178792
ALTER TABLE channel_cached_v29 RENAME TO channel_cached_v29_341b1059
2018-10-08 19:33:59.445252+0800 Flash[90242:8445219] root controller ready
2018-10-08 19:33:59.445315+0800 Flash[90242:8445288] DB Path: /Users/dev/Library/Developer/CoreSimulator/Devices/F6DB74A9-E7F5-4041-8B84-48C8BF1D1054/data/Containers/Data/Application/A53C1C2B-2811-4134-941C-B7FDC8558CFE/Documents/tgdata.db
2018-10-08 19:33:59.445413+0800 Flash[90242:8445288] DB Error: 1 "no such table: user_cached_v29"
2018-10-08 19:33:59.445627+0800 Flash[90242:8445288] DB Query: ALTER TABLE user_cached_v29 RENAME TO user_cached_v29_341b1059
2018-10-08 19:33:59.445951+0800 Flash[90242:8445288] DB Path: /Users/dev/Library/Developer/CoreSimulator/Devices/F6DB74A9-E7F5-4041-8B84-48C8BF1D1054/data/Containers/Data/Application/A53C1C2B-2811-4134-941C-B7FDC8558CFE/Documents/tgdata.db
2018-10-08 19:33:59.446077+0800 Flash[90242:8445288] DB Error: 1 "no such table: peer_cached_v29"
2018-10-08 19:33:59.446241+0800 Flash[90242:8445288] DB Query: ALTER TABLE peer_cached_v29 RENAME TO peer_cached_v29_341b1059
2018-10-08 19:33:59.446413+0800 Flash[90242:8445288] DB Path: /Users/dev/Library/Developer/CoreSimulator/Devices/F6DB74A9-E7F5-4041-8B84-48C8BF1D1054/data/Containers/Data/Application/A53C1C2B-2811-4134-941C-B7FDC8558CFE/Documents/tgdata.db
2018-10-08 19:33:59.446570+0800 Flash[90242:8445288] DB Error: 1 "no such table: channel_messages_randomid_v29"
2018-10-08 19:33:59.446739+0800 Flash[90242:8445288] DB Query: ALTER TABLE channel_messages_randomid_v29 RENAME TO channel_messages_randomid_v29_341b1059
2018-10-08 19:33:59.446915+0800 Flash[90242:8445288] DB Path: /Users/dev/Library/Developer/CoreSimulator/Devices/F6DB74A9-E7F5-4041-8B84-48C8BF1D1054/data/Containers/Data/Application/A53C1C2B-2811-4134-941C-B7FDC8558CFE/Documents/tgdata.db
2018-10-08 19:33:59.447314+0800 Flash[90242:8445288] DB Error: 1 "no such table: channel_messages_v29"
2018-10-08 19:33:59.447407+0800 Flash[90242:8445288] DB Query: ALTER TABLE channel_messages_v29 RENAME TO channel_messages_v29_341b1059
2018-10-08 19:33:59.447532+0800 Flash[90242:8445288] DB Path: /Users/dev/Library/Developer/CoreSimulator/Devices/F6DB74A9-E7F5-4041-8B84-48C8BF1D1054/data/Containers/Data/Application/A53C1C2B-2811-4134-941C-B7FDC8558CFE/Documents/tgdata.db
2018-10-08 19:33:59.447763+0800 Flash[90242:8445288] DB Error: 1 "no such table: channel_pending_messages_v29"
2018-10-08 19:33:59.447966+0800 Flash[90242:8445288] DB Query: ALTER TABLE channel_pending_messages_v29 RENAME TO channel_pending_messages_v29_341b1059
2018-10-08 19:33:59.448137+0800 Flash[90242:8445288] DB Path: /Users/dev/Library/Developer/CoreSimulator/Devices/F6DB74A9-E7F5-4041-8B84-48C8BF1D1054/data/Containers/Data/Application/A53C1C2B-2811-4134-941C-B7FDC8558CFE/Documents/tgdata.db
2018-10-08 19:33:59.448324+0800 Flash[90242:8445288] DB Error: 1 "no such table: channel_message_tags_v29"
2018-10-08 19:33:59.448591+0800 Flash[90242:8445288] DB Query: ALTER TABLE channel_message_tags_v29 RENAME TO channel_message_tags_v29_341b1059
2018-10-08 19:33:59.448795+0800 Flash[90242:8445288] DB Path: /Users/dev/Library/Developer/CoreSimulator/Devices/F6DB74A9-E7F5-4041-8B84-48C8BF1D1054/data/Containers/Data/Application/A53C1C2B-2811-4134-941C-B7FDC8558CFE/Documents/tgdata.db
2018-10-08 19:33:59.449075+0800 Flash[90242:8445288] DB Error: 1 "no such table: channel_message_holes_v29"
2018-10-08 19:33:59.449240+0800 Flash[90242:8445288] DB Query: ALTER TABLE channel_message_holes_v29 RENAME TO channel_message_holes_v29_341b1059
2018-10-08 19:33:59.449513+0800 Flash[90242:8445288] DB Path: /Users/dev/Library/Developer/CoreSimulator/Devices/F6DB74A9-E7F5-4041-8B84-48C8BF1D1054/data/Containers/Data/Application/A53C1C2B-2811-4134-941C-B7FDC8558CFE/Documents/tgdata.db
2018-10-08 19:33:59.449686+0800 Flash[90242:8445288] DB Error: 1 "no such table: channel_message_unimportant_holes_v29"
2018-10-08 19:33:59.449845+0800 Flash[90242:8445288] DB Query: ALTER TABLE channel_message_unimportant_holes_v29 RENAME TO channel_message_unimportant_holes_v29_341b1059
2018-10-08 19:33:59.450115+0800 Flash[90242:8445288] DB Path: /Users/dev/Library/Developer/CoreSimulator/Devices/F6DB74A9-E7F5-4041-8B84-48C8BF1D1054/data/Containers/Data/Application/A53C1C2B-2811-4134-941C-B7FDC8558CFE/Documents/tgdata.db
2018-10-08 19:33:59.450286+0800 Flash[90242:8445288] DB Error: 1 "no such table: channel_message_unimportant_groups_v29"
2018-10-08 19:33:59.450437+0800 Flash[90242:8445288] DB Query: ALTER TABLE channel_message_unimportant_groups_v29 RENAME TO channel_message_unimportant_groups_v29_341b1059
2018-10-08 19:33:59.450572+0800 Flash[90242:8445288] DB Path: /Users/dev/Library/Developer/CoreSimulator/Devices/F6DB74A9-E7F5-4041-8B84-48C8BF1D1054/data/Containers/Data/Application/A53C1C2B-2811-4134-941C-B7FDC8558CFE/Documents/tgdata.db
2018-10-08 19:33:59.450747+0800 Flash[90242:8445288] DB Error: 1 "no such table: channel_delete_messages_v29"
2018-10-08 19:33:59.450903+0800 Flash[90242:8445288] DB Query: ALTER TABLE channel_delete_messages_v29 RENAME TO channel_delete_messages_v29_341b1059
2018-10-08 19:33:59.451069+0800 Flash[90242:8445288] DB Path: /Users/dev/Library/Developer/CoreSimulator/Devices/F6DB74A9-E7F5-4041-8B84-48C8BF1D1054/data/Containers/Data/Application/A53C1C2B-2811-4134-941C-B7FDC8558CFE/Documents/tgdata.db
2018-10-08 19:33:59.451281+0800 Flash[90242:8445288] DB Error: 1 "no such table: channel_read_history2_v29"
2018-10-08 19:33:59.451494+0800 Flash[90242:8445288] DB Query: ALTER TABLE channel_read_history2_v29 RENAME TO channel_read_history2_v29_341b1059
2018-10-08 19:33:59.452057+0800 Flash[90242:8445288] DB Path: /Users/dev/Library/Developer/CoreSimulator/Devices/F6DB74A9-E7F5-4041-8B84-48C8BF1D1054/data/Containers/Data/Application/A53C1C2B-2811-4134-941C-B7FDC8558CFE/Documents/tgdata.db
2018-10-08 19:33:59.452340+0800 Flash[90242:8445288] DB Error: 1 "no such table: dismiss_report_spam_v29"
2018-10-08 19:33:59.452505+0800 Flash[90242:8445288] DB Query: ALTER TABLE dismiss_report_spam_v29 RENAME TO dismiss_report_spam_v29_341b1059
2018-10-08 19:33:59.452691+0800 Flash[90242:8445288] DB Path: /Users/dev/Library/Developer/CoreSimulator/Devices/F6DB74A9-E7F5-4041-8B84-48C8BF1D1054/data/Containers/Data/Application/A53C1C2B-2811-4134-941C-B7FDC8558CFE/Documents/tgdata.db
2018-10-08 19:33:59.452897+0800 Flash[90242:8445288] DB Error: 1 "no such table: channel_history_version_v29"
2018-10-08 19:33:59.453107+0800 Flash[90242:8445288] DB Query: ALTER TABLE channel_history_version_v29 RENAME TO channel_history_version_v29_341b1059
2018-10-08 19:33:59.453327+0800 Flash[90242:8445288] DB Path: /Users/dev/Library/Developer/CoreSimulator/Devices/F6DB74A9-E7F5-4041-8B84-48C8BF1D1054/data/Containers/Data/Application/A53C1C2B-2811-4134-941C-B7FDC8558CFE/Documents/tgdata.db
2018-10-08 19:33:59.453520+0800 Flash[90242:8445288] DB Error: 1 "no such table: channel_leave_v29"
2018-10-08 19:33:59.453679+0800 Flash[90242:8445288] DB Query: ALTER TABLE channel_leave_v29 RENAME TO channel_leave_v29_341b1059
2018-10-08 19:33:59.453860+0800 Flash[90242:8445288] DB Path: /Users/dev/Library/Developer/CoreSimulator/Devices/F6DB74A9-E7F5-4041-8B84-48C8BF1D1054/data/Containers/Data/Application/A53C1C2B-2811-4134-941C-B7FDC8558CFE/Documents/tgdata.db
2018-10-08 19:33:59.457196+0800 Flash[90242:8445288] ===== Upgrading database (unread partial index)
2018-10-08 19:33:59.457454+0800 Flash[90242:8445288] ===== Done (0 messages)
2018-10-08 19:33:59.463085+0800 Flash[90242:8445288] create index on media by message id: 0.000110 s
2018-10-08 19:33:59.466632+0800 Flash[90242:8445304] [TGDatabase starting background media indexing]
2018-10-08 19:33:59.467468+0800 Flash[90242:8445219] ===== Dialog list did appear
2018-10-08 19:33:59.468139+0800 Flash[90242:8445304] [TGDatabase starting media extraction]
2018-10-08 19:33:59.468740+0800 Flash[90242:8445219] ===== Dialog list reloaded
2018-10-08 19:33:59.469349+0800 Flash[90242:8445288] DB Error: 1 "duplicate column name: service_unread"
2018-10-08 19:33:59.469450+0800 Flash[90242:8445288] DB Query: ALTER TABLE convesations_v29 ADD COLUMN service_unread INTEGER
2018-10-08 19:33:59.469537+0800 Flash[90242:8445288] DB Path: /Users/dev/Library/Developer/CoreSimulator/Devices/F6DB74A9-E7F5-4041-8B84-48C8BF1D1054/data/Containers/Data/Application/A53C1C2B-2811-4134-941C-B7FDC8558CFE/Documents/tgdata.db
2018-10-08 19:33:59.470892+0800 Flash[90242:8445288] create index on media by message id: 0.000010 s
2018-10-08 19:33:59.473258+0800 Flash[90242:8445304] [TGDatabase completed media extraction in 1 passes]
2018-10-08 19:33:59.473366+0800 Flash[90242:8445304] [TGDatabase starting avatar extraction]
2018-10-08 19:33:59.473910+0800 Flash[90242:8445304] [TGDatabase completed avatar extraction in 1 passes]
2018-10-08 19:33:59.474033+0800 Flash[90242:8445304] [TGDatabase starting last use date updates for 0 records]
2018-10-08 19:33:59.474268+0800 Flash[90242:8445304] [TGDatabase completed last use date updates]
2018-10-08 19:33:59.474496+0800 Flash[90242:8445304] [TGDatabase scheduling 0 unreferenced files for deletion]
2018-10-08 19:33:59.474769+0800 Flash[90242:8445304] [TGDatabase completed background media indexing]
2018-10-08 19:33:59.475074+0800 Flash[90242:8445304] [TGDatabase starting background media indexing]
2018-10-08 19:33:59.475684+0800 Flash[90242:8445304] [TGDatabase starting media extraction]
2018-10-08 19:33:59.475996+0800 Flash[90242:8445304] [TGDatabase completed media extraction in 1 passes]
2018-10-08 19:33:59.476181+0800 Flash[90242:8445304] [TGDatabase starting avatar extraction]
2018-10-08 19:33:59.476514+0800 Flash[90242:8445304] [TGDatabase completed avatar extraction in 1 passes]
2018-10-08 19:33:59.476642+0800 Flash[90242:8445304] [TGDatabase starting last use date updates for 0 records]
2018-10-08 19:33:59.477145+0800 Flash[90242:8445304] [TGDatabase completed last use date updates]
2018-10-08 19:33:59.477598+0800 Flash[90242:8445304] [TGDatabase scheduling 0 unreferenced files for deletion]
2018-10-08 19:33:59.477833+0800 Flash[90242:8445304] [TGDatabase completed background media indexing]
2018-10-08 19:33:59.513461+0800 Flash[90242:8445295] starting with langpack en
2018-10-08 19:33:59.516256+0800 Flash[90242:8445295] auth key id: 0
2018-10-08 19:33:59.519624+0800 Flash[90242:8445295] trying tcp://10.30.0.28:8800
2018-10-08 19:33:59.519868+0800 Flash[90242:8445295] trying tcp://10.30.0.28:80
2018-10-08 19:33:59.520017+0800 Flash[90242:8445295] trying tcp://10.30.0.28:5222
2018-10-08 19:33:59.520207+0800 Flash[90242:8445295] trying http://10.30.0.28:8800
2018-10-08 19:33:59.520298+0800 Flash[90242:8445281] [MTTcpConnection#206c7e0 connecting to 10.30.0.28:8800]
2018-10-08 19:33:59.520493+0800 Flash[90242:8445295] trying http://10.30.0.28:80
2018-10-08 19:33:59.521035+0800 Flash[90242:8445281] [MTTcpConnection#206c8c0 connecting to 10.30.0.28:80]
2018-10-08 19:33:59.521324+0800 Flash[90242:8445303] [MTProto#0x60000286cbe0 changing transport #0x0 to MTTcpTransport#0x600003a33a70]
2018-10-08 19:33:59.521392+0800 Flash[90242:8445300] [MTNetworkAvailability#0x6000017c51d0 state: L_-U_+]
2018-10-08 19:33:59.521486+0800 Flash[90242:8445281] [MTTcpConnection#2060fc0 connecting to 10.30.0.28:5222]
2018-10-08 19:33:59.522122+0800 Flash[90242:8445295] [MTProto#0x60000286cbe0 network state: available]
2018-10-08 19:33:59.524069+0800 Flash[90242:8445281] [MTTcpConnection#2065260 connecting to 10.30.0.28:5222]
2018-10-08 19:33:59.524286+0800 Flash[90242:8445295] [MTProto#0x60000286cbe0 connection state: connecting]
2018-10-08 19:33:59.524420+0800 Flash[90242:8445281] [MTTcpConnection#206c7e0 disconnected from 10.30.0.28 (Error Domain=NSPOSIXErrorDomain Code=61 "Connection refused" UserInfo={NSLocalizedDescription=Connection refused, NSLocalizedFailureReason=Error in connect() function})]
2018-10-08 19:33:59.524588+0800 Flash[90242:8445295] [MTProto#0x60000286cbe0 connection context update state: up to date]
2018-10-08 19:33:59.524880+0800 Flash[90242:8445281] failed tcp://10.30.0.28:8800
2018-10-08 19:33:59.524959+0800 Flash[90242:8445304] Connection time: 0.259995 ms, interface: Wifi
2018-10-08 19:33:59.525092+0800 Flash[90242:8445289] Connection time: 0.105023 ms, interface: Wifi
2018-10-08 19:33:59.525428+0800 Flash[90242:8445281] [MTTcpConnection#206c8c0 disconnected from 10.30.0.28 (Error Domain=NSPOSIXErrorDomain Code=61 "Connection refused" UserInfo={NSLocalizedDescription=Connection refused, NSLocalizedFailureReason=Error in connect() function})]
2018-10-08 19:33:59.525610+0800 Flash[90242:8445281] failed tcp://10.30.0.28:80
2018-10-08 19:33:59.557394+0800 Flash[90242:8445295] [MTProto#0x60000286cbe0 connection state: connected]
2018-10-08 19:33:59.558020+0800 Flash[90242:8445295] [MTProto#0x60000286cbe0 preparing reqPq (6609947966496458752/0)]
2018-10-08 19:33:59.604711+0800 Flash[90242:8445281] [TGTelegramNetworking state: 0 0 1 1 0]
2018-10-08 19:33:59.631591+0800 Flash[90242:8445304] success tcp://10.30.0.28:5222
2018-10-08 19:33:59.650287+0800 Flash[90242:8445304] scheme: tcp://10.30.0.28:5222 (media: no, cdn: no, static: no) (media: no)
2018-10-08 19:33:59.669371+0800 Flash[90242:8445304] [MTTcpConnection#2060fc0 disconnected from 10.30.0.28]
2018-10-08 19:33:59.676936+0800 Flash[90242:8445289] [] nw_socket_handle_socket_event [C3:2] Socket SO_ERROR [61: Connection refused]
2018-10-08 19:33:59.678510+0800 Flash[90242:8445289] TIC TCP Conn Failed [3:0x600002c6e1c0]: 1:61 Err(61)
2018-10-08 19:33:59.686278+0800 Flash[90242:8445289] Task <85198A24-FEC6-4E2B-9247-285DFCFFADCD>.<0> HTTP load failed (error code: -1004 [1:61])
2018-10-08 19:33:59.688006+0800 Flash[90242:8445289] NSURLConnection finished with error - code -1004
2018-10-08 19:34:02.593624+0800 Flash[90242:8445219] [MediaRemote] [AVOutputContext] WARNING: AVF context unavailable for +[MRAVOutputContext sharedAudioPresentationContext]_block_invoke
2018-10-08 19:34:02.593754+0800 Flash[90242:8445219] [MediaRemote] [AVOutputContext] WARNING: AVF context unavailable for SYSTEM
